2026-06-18T06:46:52.718398Z [build] INFO : transcript_started verb=build trace_id=faf59619f648eb8c76827e2288b3b555
2026-06-18T06:46:52.719660Z [build] DEBUG: transcript_trace_generated
Usage: ./build.sh [-h] [-C|--chdir DIR] [-s|--setup] [--reset-conf] [-y|--yes] [--no-cache] [--no-prune] [--clean-tools] [--dry-run] [-v|--verbose] [-vv|--very-verbose] [--lang <en|zh-TW|zh-CN|ja>] [-t|--target TARGET] [TARGET]

Options:
  -h, --help     Show this help
  -C, --chdir DIR
                 Operate on the repo at DIR without changing the caller's cwd.
                 Mirrors git -C. Must come before other options and
                 the TARGET.
  -s, --setup    Force rerun setup.sh (opens the TUI on an interactive TTY,
                 otherwise non-interactive apply). Default (no flag):
                 auto-regenerate .env + compose.yaml when setup.conf /
                 Dockerfile stages / GPU / GUI / USER_UID drift (#88).
  --reset-conf   Overwrite setup.conf with template defaults (backs up the
                 existing setup.conf → setup.conf.bak and .env → .env.bak
                 first). Prompts for confirmation; pass -y to skip. Triggers
                 a setup.sh rerun afterward so .env + compose.yaml follow
                 the fresh conf.
  -y, --yes      Skip the --reset-conf confirmation prompt
  --no-cache     Force rebuild without cache
  --no-prune     Disable post-build auto-prune of the displaced predecessor
                 image (#387). By default, if a successful build moves the
                 tag's image ID and the old ID is no longer referenced by
                 any other tag, build.sh runs `docker rmi <old-id>` so
                 dangling <none>:<none> images do not accumulate. Pass
                 --no-prune to keep the previous image for rollback /
                 diff-debug. Buildx cache is never touched (use
                 `prune.sh --builder` for that).
  --clean-tools  Remove test-tools:local image after build (default: keep for faster next build)
  --dry-run      Print the docker commands that would run, but do not execute
  -v, --verbose  Verbose docker output (BUILDKIT_PROGRESS=plain). Use when a
                 build appears hung — surfaces every RUN step's real-time
                 stdout/stderr instead of the collapsed single-line progress
                 UI.
  -vv, --very-verbose
                 -v plus bash trace (set -x) on the wrapper itself. For
                 debugging the wrapper's own logic (rare; -v is usually
                 enough).
  --lang LANG    Set message language (default: en)
  -t, --target TARGET
                 Build target (alias for the positional [TARGET], mirrors
                 run.sh -t). When both forms are given, last wins.

Targets:
  devel    Development environment (default)
  test     Run smoke tests
  runtime  Minimal runtime image
2026-06-18T06:46:52.724285Z [build] INFO : transcript_complete exit_code=0 duration=0s
