2026-06-18T06:50:12.202415Z [exec] INFO : transcript_started verb=exec trace_id=992f6d1b87feebf53c2aa3ff28382de3
2026-06-18T06:50:12.203742Z [exec] DEBUG: transcript_trace_generated
Usage: ./exec.sh [-h] [-C|--chdir DIR] [-t TARGET] [--instance NAME] [--dry-run] [-v|--verbose] [-vv|--very-verbose] [-T|--no-tty] [-i|--tty] [--lang LANG] [--] [CMD...]

Options:
  -h, --help        Show this help
  -C, --chdir DIR   Operate on the repo at DIR without changing the caller's
                    cwd. Mirrors git -C. Must come before the CMD.
  -t, --target T    Service name (default: devel)
  --instance NAME   Enter a named instance (default: default instance)
  --lang LANG       Set message language (default: en)
  --dry-run         Print the docker commands that would run, but do not execute
  -v, --verbose     Export BUILDKIT_PROGRESS=plain for parity with build/run/stop.
                    `docker exec` itself does not build, but keeping the flag
                    available across all four wrappers gives one muscle-memory
                    knob to reach for.
  -vv, --very-verbose
                    -v plus bash trace (set -x) on the wrapper itself.
  -T, --no-tty      Force no-TTY (pass -T to docker compose exec). Use for
                    one-shot commands so terminal escape sequences (focus-in,
                    bracketed-paste, …) do not leak into output. The forms
                    `bash|sh|dash|zsh|ash|ksh -c '...'` are auto-detected;
                    this flag covers the heuristic-misses case (`whoami`,
                    `ls /foo`, `env BAR=1 bash -c '...'`).
  -i, --tty         Force TTY (override auto-detect). Use for the rare case
                    where a `bash -c '...'` invocation genuinely wants a TTY
                    (e.g. `-i bash -c 'tput cols'`). Last-wins with -T.
  --                Explicit flag/CMD separator, mirroring run.sh. Lets the CMD
                    start with a dash (e.g. ./exec.sh -- my-tool --version).

Arguments:
  CMD              Command to execute (default: bash)

Examples:
  ./exec.sh                    # Enter devel container with bash
  ./exec.sh htop               # Run htop in devel container
  ./exec.sh ls -la /home       # Run ls in devel container
  ./exec.sh -t runtime bash    # Enter runtime container
  ./exec.sh bash -c 'ls'       # Auto-detect → -T, no escape leak
  ./exec.sh -T whoami          # Force -T to cover heuristic-misses case
  ./exec.sh -- my-tool --version  # Use -- to pass a dash-leading CMD
2026-06-18T06:50:12.208912Z [exec] INFO : transcript_complete exit_code=0 duration=0s
