2026-06-18T06:31:48.008968Z [setup] INFO : transcript_started verb=setup trace_id=d965038c2af3d6fc5cf05436a97eaaaa
2026-06-18T06:31:48.010014Z [setup] DEBUG: transcript_trace_generated
USER_NAME=root
USER_GROUP=root
USER_UID=0
USER_GID=0
HARDWARE=x86_64
DOCKER_HUB_USER=root
IMAGE_NAME=tmp-blohr96fv0
WS_PATH=/tmp/tmp.bLOhr96FV0
APT_MIRROR_UBUNTU=tw.archive.ubuntu.com
APT_MIRROR_DEBIAN=mirror.twds.com.tw
TZ=Asia/Taipei
GPU_DETECTED=false
GPU_MODE=auto
GPU_ENABLED=false
GPU_COUNT=all
GPU_CAPABILITIES=gpu compute utility graphics
RUNTIME=auto
GUI_DETECTED=false
GUI_MODE=off
GUI_ENABLED=false
NETWORK_MODE=host
IPC_MODE=host
PID_MODE=private
PRIVILEGED=false
NETWORK_NAME=
TARGET_ARCH=
BUILD_NETWORK=
SSH_X11=false
X11_COOKIE_SKIP=0
2026-06-18T06:31:48.167240Z [setup] INFO : transcript_complete exit_code=0 duration=0s
