2026-06-18T06:31:47.858159Z [setup] INFO : transcript_started verb=setup trace_id=f34aa72eac7c5dda6f6311ac2482b410
2026-06-18T06:31:47.859182Z [setup] DEBUG: transcript_trace_generated
2026-06-18T06:31:48.015630Z [setup] WARN : device entry uses mount propagation but [security] privileged is not true. Device I/O may be blocked by cgroup.
2026-06-18T06:31:48.017254Z [setup] WARN : duplicate target path '/dev': appears in both [devices] (with propagation) and [volumes]. The [devices] entry with propagation takes precedence.
USER_NAME=root
USER_GROUP=root
USER_UID=0
USER_GID=0
HARDWARE=x86_64
DOCKER_HUB_USER=root
IMAGE_NAME=tmp-xqt4xlxiup
WS_PATH=/tmp/tmp.xqT4XlXIUP
APT_MIRROR_UBUNTU=tw.archive.ubuntu.com
APT_MIRROR_DEBIAN=mirror.twds.com.tw
TZ=Asia/Taipei
GPU_DETECTED=false
GPU_MODE=auto
GPU_ENABLED=false
GPU_COUNT=all
GPU_CAPABILITIES=gpu compute utility graphics
RUNTIME=auto
GUI_DETECTED=false
GUI_MODE=auto
GUI_ENABLED=false
NETWORK_MODE=host
IPC_MODE=host
PID_MODE=private
PRIVILEGED=false
NETWORK_NAME=
TARGET_ARCH=
BUILD_NETWORK=
SSH_X11=false
X11_COOKIE_SKIP=0
2026-06-18T06:31:48.030269Z [setup] INFO : transcript_complete exit_code=0 duration=1s
