2026-06-18T06:50:23.711041Z [setup] INFO : transcript_started verb=setup trace_id=5df41cd4009b772c9ac77c564681ebc2
2026-06-18T06:50:23.712097Z [setup] DEBUG: transcript_trace_generated
USER_NAME=root
USER_GROUP=root
USER_UID=0
USER_GID=0
HARDWARE=x86_64
DOCKER_HUB_USER=root
IMAGE_NAME=tmp-bfrawyyye4
WS_PATH=/tmp/tmp.bFRAWyYyE4
APT_MIRROR_UBUNTU=tw.archive.ubuntu.com
APT_MIRROR_DEBIAN=mirror.twds.com.tw
TZ=Asia/Taipei
GPU_DETECTED=false
GPU_MODE=auto
GPU_ENABLED=false
GPU_COUNT=all
GPU_CAPABILITIES=gpu compute utility graphics
RUNTIME=auto
GUI_DETECTED=false
GUI_MODE=auto
GUI_ENABLED=false
NETWORK_MODE=host
IPC_MODE=host
PID_MODE=private
PRIVILEGED=false
NETWORK_NAME=
TARGET_ARCH=
BUILD_NETWORK=
SSH_X11=false
X11_COOKIE_SKIP=1
2026-06-18T06:50:23.922122Z [setup] INFO : transcript_complete exit_code=0 duration=0s
