2026-06-18T06:50:23.755654Z [setup] INFO : transcript_started verb=setup trace_id=e9ed236e49f90cc3814352abbc3ff189
2026-06-18T06:50:23.756790Z [setup] DEBUG: transcript_trace_generated
2026-06-18T06:50:23.927464Z [setup] WARN : device entry uses mount propagation but [security] privileged is not true. Device I/O may be blocked by cgroup.
USER_NAME=root
USER_GROUP=root
USER_UID=0
USER_GID=0
HARDWARE=x86_64
DOCKER_HUB_USER=root
IMAGE_NAME=tmp-0sou8ckagj
WS_PATH=/tmp/tmp.0sOu8cKaGJ
APT_MIRROR_UBUNTU=tw.archive.ubuntu.com
APT_MIRROR_DEBIAN=mirror.twds.com.tw
TZ=Asia/Taipei
GPU_DETECTED=false
GPU_MODE=auto
GPU_ENABLED=false
GPU_COUNT=all
GPU_CAPABILITIES=gpu compute utility graphics
RUNTIME=auto
GUI_DETECTED=false
GUI_MODE=auto
GUI_ENABLED=false
NETWORK_MODE=host
IPC_MODE=host
PID_MODE=private
PRIVILEGED=false
NETWORK_NAME=
TARGET_ARCH=
BUILD_NETWORK=
SSH_X11=false
X11_COOKIE_SKIP=0
2026-06-18T06:50:23.944583Z [setup] INFO : transcript_complete exit_code=0 duration=0s
