2026-06-18T06:50:11.959910Z [run] INFO : transcript_started verb=run trace_id=3a9e0984f015ac4c9fe373f5d76b1a08
2026-06-18T06:50:11.961092Z [run] DEBUG: transcript_trace_generated
Usage: ./run.sh [-h] [-C|--chdir DIR] [-d|--detach] [--no-rm] [-s|--setup]
               [--build] [--dry-run] [-v|--verbose] [-vv|--very-verbose]
               [--instance NAME] [--lang <en|zh-TW|zh-CN|ja>]
               [-t|--target TARGET] [CMD...]

Options:
  -h, --help        Show this help
  -C, --chdir DIR   Operate on the repo at DIR without changing the caller's
                    cwd. Must come before the CMD; use -- to separate if you
                    need a literal -C inside CMD. Mirrors git -C.
  -t, --target T    Compose service name (default: devel; e.g. runtime)
  -d, --detach      Run in background (docker compose up -d; no CMD accepted)
  --no-rm           Disable auto compose-down on foreground exit (#386).
                    By default, exiting a foreground run (including Ctrl-C
                    or signal) tears down the container + project default
                    network. Pass --no-rm to keep them around for later
                    ./exec.sh reattach or log inspection. -d already
                    leaves lifecycle to the user, so this flag is a no-op
                    in detached mode.
  -s, --setup       Force rerun setup.sh (opens the TUI on an interactive TTY,
                    otherwise non-interactive apply). Default (no flag):
                    auto-regenerate .env + compose.yaml when setup.conf /
                    Dockerfile stages / GPU / GUI / USER_UID drift (#88).
  --build           Run ./build.sh test (lint + smoke) before compose up
                    so local matches CI; default path relies on Compose
                    auto-build which skips the lint + smoke gate (#216)
  --dry-run         Print the docker commands that would run, but do not execute
  -v, --verbose     Verbose docker output (BUILDKIT_PROGRESS=plain). Use when
                    compose's auto-build appears hung — surfaces each RUN
                    step's real-time stdout/stderr instead of the collapsed
                    single-line progress UI.
  -vv, --very-verbose
                    -v plus bash trace (set -x) on the wrapper itself.
  --instance NAME   Start a named parallel instance (suffix=-NAME)
  --lang LANG       Set message language (default: en)

CMD: Command to run after the container starts; mirrors `docker run <image> [cmd]`:
  no CMD  → run the Dockerfile CMD (e.g. devel=bash, runtime=auto-run service)
  with CMD → override the Dockerfile CMD (e.g. ./run.sh -t runtime bash to shell in)
  --      → separates run.sh flags from CMD; everything after -- is passed as CMD
            without further parsing by run.sh. Required when CMD has flags that
            collide with run.sh (e.g. --target).
            Example: ./run.sh -t cli -- sdkmanager --target JETSON --flash
2026-06-18T06:50:11.967674Z [run] INFO : transcript_complete exit_code=0 duration=0s
